{
  "stats": {
    "suites": 1,
    "tests": 16,
    "passes": 16,
    "pending": 0,
    "failures": 0,
    "start": "2023-10-19T15:24:40.786Z",
    "end": "2023-10-19T15:24:47.412Z",
    "duration": 6626,
    "testsRegistered": 16,
    "passPercent": 100,
    "pendingPercent": 0,
    "other": 0,
    "hasOther": false,
    "skipped": 0,
    "hasSkipped": false
  },
  "results": [
    {
      "uuid": "c33a2f3c-e24d-4482-95b7-3902a73697ec",
      "title": "",
      "fullFile": "C:\\My\\SQE\\JS\\task3\\spec\\api.spec.js",
      "file": "\\spec\\api.spec.js",
      "beforeHooks": [],
      "afterHooks": [],
      "tests": [],
      "suites": [
        {
          "uuid": "89dd2db6-a890-4626-adb2-556f7a169e21",
          "title": "Petsore API tests",
          "fullFile": "C:\\My\\SQE\\JS\\task3\\spec\\api.spec.js",
          "file": "\\spec\\api.spec.js",
          "beforeHooks": [],
          "afterHooks": [],
          "tests": [
            {
              "title": "Verify that allows creating a User - POST /user",
              "fullTitle": "Petsore API tests Verify that allows creating a User - POST /user",
              "timedOut": false,
              "duration": 576,
              "state": "passed",
              "speed": "slow",
              "pass": true,
              "fail": false,
              "pending": false,
              "context": null,
              "code": "const response = await sendRequest('/user', userData, 'post')\nexpect(response.status).to.equal(200)",
              "err": {},
              "uuid": "125894c8-ea33-4b2d-8bd9-2eb6fd125708",
              "parentUUID": "89dd2db6-a890-4626-adb2-556f7a169e21",
              "isHook": false,
              "skipped": false
            },
            {
              "title": "Verify that user was created GET /user",
              "fullTitle": "Petsore API tests Verify that user was created GET /user",
              "timedOut": false,
              "duration": 373,
              "state": "passed",
              "speed": "slow",
              "pass": true,
              "fail": false,
              "pending": false,
              "context": null,
              "code": "const response = await sendRequest(`/user/${userData.username}`)\nexpect(response.status).to.equal(200)\nexpect(response.data.username).to.equal(userData.username)",
              "err": {},
              "uuid": "5aec3552-7b20-4fcc-b781-96044e6acf6d",
              "parentUUID": "89dd2db6-a890-4626-adb2-556f7a169e21",
              "isHook": false,
              "skipped": false
            },
            {
              "title": "Verify that allows login as a User - GET /user/login",
              "fullTitle": "Petsore API tests Verify that allows login as a User - GET /user/login",
              "timedOut": false,
              "duration": 365,
              "state": "passed",
              "speed": "slow",
              "pass": true,
              "fail": false,
              "pending": false,
              "context": null,
              "code": "const response = await sendRequest(`/user/login?username=${userData.username}&password=${userData.password}`)\nexpect(response.status).to.equal(200)",
              "err": {},
              "uuid": "7b7e9767-4ac0-45df-bf13-0dc3c2cd5f10",
              "parentUUID": "89dd2db6-a890-4626-adb2-556f7a169e21",
              "isHook": false,
              "skipped": false
            },
            {
              "title": "Verify that allows Log out User - GET /user/logout",
              "fullTitle": "Petsore API tests Verify that allows Log out User - GET /user/logout",
              "timedOut": false,
              "duration": 375,
              "state": "passed",
              "speed": "slow",
              "pass": true,
              "fail": false,
              "pending": false,
              "context": null,
              "code": "const response = await sendRequest(`/user/logout`)\nexpect(response.status).to.equal(200)",
              "err": {},
              "uuid": "d174b829-8af8-40bb-a70b-d2f0dd8ad85b",
              "parentUUID": "89dd2db6-a890-4626-adb2-556f7a169e21",
              "isHook": false,
              "skipped": false
            },
            {
              "title": "Verify that allows to delete user - DELETE /user/{username}",
              "fullTitle": "Petsore API tests Verify that allows to delete user - DELETE /user/{username}",
              "timedOut": false,
              "duration": 375,
              "state": "passed",
              "speed": "slow",
              "pass": true,
              "fail": false,
              "pending": false,
              "context": null,
              "code": "const response = await sendRequest(`/user/${userData.username}`, null, 'delete')\nexpect(response.status).to.equal(200)",
              "err": {},
              "uuid": "cc8d5c34-e650-4dcb-8162-3e25298f76aa",
              "parentUUID": "89dd2db6-a890-4626-adb2-556f7a169e21",
              "isHook": false,
              "skipped": false
            },
            {
              "title": "Verify that user was deleted GET /user",
              "fullTitle": "Petsore API tests Verify that user was deleted GET /user",
              "timedOut": false,
              "duration": 382,
              "state": "passed",
              "speed": "slow",
              "pass": true,
              "fail": false,
              "pending": false,
              "context": null,
              "code": "const response = await sendRequest(`/user/${userData.username}`)\nexpect(response.status).to.equal(404)",
              "err": {},
              "uuid": "f5fa017b-d544-4ccd-b6df-8e1f202bf685",
              "parentUUID": "89dd2db6-a890-4626-adb2-556f7a169e21",
              "isHook": false,
              "skipped": false
            },
            {
              "title": "Verify that allows creating the list of Users - POST /user/createWithList",
              "fullTitle": "Petsore API tests Verify that allows creating the list of Users - POST /user/createWithList",
              "timedOut": false,
              "duration": 376,
              "state": "passed",
              "speed": "slow",
              "pass": true,
              "fail": false,
              "pending": false,
              "context": null,
              "code": "const response = await sendRequest('/user/createWithList', [userData,anotherUserData], 'post')\nexpect(response.status).to.equal(200)",
              "err": {},
              "uuid": "6ce2b006-dfa5-4eda-a2fb-4ce44974f30b",
              "parentUUID": "89dd2db6-a890-4626-adb2-556f7a169e21",
              "isHook": false,
              "skipped": false
            },
            {
              "title": "Verify that users were created GET /user",
              "fullTitle": "Petsore API tests Verify that users were created GET /user",
              "timedOut": false,
              "duration": 738,
              "state": "passed",
              "speed": "slow",
              "pass": true,
              "fail": false,
              "pending": false,
              "context": null,
              "code": "const firstUserResponse = await sendRequest(`/user/${userData.username}`)\nexpect(firstUserResponse.status).to.equal(200)\nexpect(firstUserResponse.data.username).to.equal(userData.username)\nconst secondUserResponse = await sendRequest(`/user/${anotherUserData.username}`)\nexpect(secondUserResponse.status).to.equal(200)\nexpect(secondUserResponse.data.username).to.equal(anotherUserData.username)",
              "err": {},
              "uuid": "c4337476-979f-407b-afd2-bd6ad872dbfe",
              "parentUUID": "89dd2db6-a890-4626-adb2-556f7a169e21",
              "isHook": false,
              "skipped": false
            },
            {
              "title": "Verify that allows adding a new Pet - POST /pet",
              "fullTitle": "Petsore API tests Verify that allows adding a new Pet - POST /pet",
              "timedOut": false,
              "duration": 379,
              "state": "passed",
              "speed": "slow",
              "pass": true,
              "fail": false,
              "pending": false,
              "context": null,
              "code": "const response = await sendRequest('/pet', petData, 'post')\nexpect(response.status).to.equal(200)",
              "err": {},
              "uuid": "8d69a66c-f1be-402a-ac44-ff463e1c8ca0",
              "parentUUID": "89dd2db6-a890-4626-adb2-556f7a169e21",
              "isHook": false,
              "skipped": false
            },
            {
              "title": "Verify that a Pet was added - GET /pet/{petId}",
              "fullTitle": "Petsore API tests Verify that a Pet was added - GET /pet/{petId}",
              "timedOut": false,
              "duration": 375,
              "state": "passed",
              "speed": "slow",
              "pass": true,
              "fail": false,
              "pending": false,
              "context": null,
              "code": "const response = await sendRequest(`/pet/${petData.id}`)\nexpect(response.data.name).to.equal(petData.name)",
              "err": {},
              "uuid": "79e5a88b-9d7f-4d17-8948-84a9fda59abe",
              "parentUUID": "89dd2db6-a890-4626-adb2-556f7a169e21",
              "isHook": false,
              "skipped": false
            },
            {
              "title": "Verify that allows updating Pet's image - PUT /pet",
              "fullTitle": "Petsore API tests Verify that allows updating Pet's image - PUT /pet",
              "timedOut": false,
              "duration": 367,
              "state": "passed",
              "speed": "slow",
              "pass": true,
              "fail": false,
              "pending": false,
              "context": null,
              "code": "const response = await sendRequest('/pet', updatePetData, 'put')\nexpect(response.status).to.equal(200)",
              "err": {},
              "uuid": "b9172ec2-bb38-48d1-8cde-90b4a32efbd9",
              "parentUUID": "89dd2db6-a890-4626-adb2-556f7a169e21",
              "isHook": false,
              "skipped": false
            },
            {
              "title": "Verify that image was updated - GET /pet/{petId}",
              "fullTitle": "Petsore API tests Verify that image was updated - GET /pet/{petId}",
              "timedOut": false,
              "duration": 377,
              "state": "passed",
              "speed": "slow",
              "pass": true,
              "fail": false,
              "pending": false,
              "context": null,
              "code": "const response = await sendRequest(`/pet/${petData.id}`)\nexpect(response.data.photoUrls[0]).to.equal(updatePetData.photoUrls[0])",
              "err": {},
              "uuid": "5e345afc-a993-437b-bc5d-27634586e211",
              "parentUUID": "89dd2db6-a890-4626-adb2-556f7a169e21",
              "isHook": false,
              "skipped": false
            },
            {
              "title": "Verify that allows updating Pet's name and status - POST /pet/{petId}",
              "fullTitle": "Petsore API tests Verify that allows updating Pet's name and status - POST /pet/{petId}",
              "timedOut": false,
              "duration": 373,
              "state": "passed",
              "speed": "slow",
              "pass": true,
              "fail": false,
              "pending": false,
              "context": null,
              "code": "const response = await sendRequest(`/pet/${updatePetData.id}`, 'name=TOM&status=sold', 'post')\nexpect(response.status).to.equal(200)",
              "err": {},
              "uuid": "1ac4743a-de25-4f4e-afee-96f1a57fabd0",
              "parentUUID": "89dd2db6-a890-4626-adb2-556f7a169e21",
              "isHook": false,
              "skipped": false
            },
            {
              "title": "Verify that Pet's name and status were updated - GET /pet/{petId}",
              "fullTitle": "Petsore API tests Verify that Pet's name and status were updated - GET /pet/{petId}",
              "timedOut": false,
              "duration": 384,
              "state": "passed",
              "speed": "slow",
              "pass": true,
              "fail": false,
              "pending": false,
              "context": null,
              "code": "const response = await sendRequest(`/pet/${petData.id}`)\nexpect(response.data.name).to.equal('TOM')\nexpect(response.data.status).to.equal('sold')",
              "err": {},
              "uuid": "b5eae84f-a2b8-4f29-b1f2-93087e7a838b",
              "parentUUID": "89dd2db6-a890-4626-adb2-556f7a169e21",
              "isHook": false,
              "skipped": false
            },
            {
              "title": "Verify that allows deleting Pet - DELETE /pet/{petId}",
              "fullTitle": "Petsore API tests Verify that allows deleting Pet - DELETE /pet/{petId}",
              "timedOut": false,
              "duration": 379,
              "state": "passed",
              "speed": "slow",
              "pass": true,
              "fail": false,
              "pending": false,
              "context": null,
              "code": "const response = await sendRequest(`/pet/${updatePetData.id}`, null, 'delete')\nexpect(response.status).to.equal(200)",
              "err": {},
              "uuid": "ddb6a4b0-4578-4ecc-9993-df8400aec26c",
              "parentUUID": "89dd2db6-a890-4626-adb2-556f7a169e21",
              "isHook": false,
              "skipped": false
            },
            {
              "title": "Verify that Pet was deleted - GET /pet/{petId}",
              "fullTitle": "Petsore API tests Verify that Pet was deleted - GET /pet/{petId}",
              "timedOut": false,
              "duration": 386,
              "state": "passed",
              "speed": "slow",
              "pass": true,
              "fail": false,
              "pending": false,
              "context": null,
              "code": "const response = await sendRequest(`/pet/${petData.id}`)\nexpect(response.status).to.equal(404)",
              "err": {},
              "uuid": "7dfe6788-aa3f-4fbf-8475-0e5108e7078b",
              "parentUUID": "89dd2db6-a890-4626-adb2-556f7a169e21",
              "isHook": false,
              "skipped": false
            }
          ],
          "suites": [],
          "passes": [
            "125894c8-ea33-4b2d-8bd9-2eb6fd125708",
            "5aec3552-7b20-4fcc-b781-96044e6acf6d",
            "7b7e9767-4ac0-45df-bf13-0dc3c2cd5f10",
            "d174b829-8af8-40bb-a70b-d2f0dd8ad85b",
            "cc8d5c34-e650-4dcb-8162-3e25298f76aa",
            "f5fa017b-d544-4ccd-b6df-8e1f202bf685",
            "6ce2b006-dfa5-4eda-a2fb-4ce44974f30b",
            "c4337476-979f-407b-afd2-bd6ad872dbfe",
            "8d69a66c-f1be-402a-ac44-ff463e1c8ca0",
            "79e5a88b-9d7f-4d17-8948-84a9fda59abe",
            "b9172ec2-bb38-48d1-8cde-90b4a32efbd9",
            "5e345afc-a993-437b-bc5d-27634586e211",
            "1ac4743a-de25-4f4e-afee-96f1a57fabd0",
            "b5eae84f-a2b8-4f29-b1f2-93087e7a838b",
            "ddb6a4b0-4578-4ecc-9993-df8400aec26c",
            "7dfe6788-aa3f-4fbf-8475-0e5108e7078b"
          ],
          "failures": [],
          "pending": [],
          "skipped": [],
          "duration": 6580,
          "root": false,
          "rootEmpty": false,
          "_timeout": 2000
        }
      ],
      "passes": [],
      "failures": [],
      "pending": [],
      "skipped": [],
      "duration": 0,
      "root": true,
      "rootEmpty": true,
      "_timeout": 2000
    }
  ],
  "meta": {
    "mocha": {
      "version": "10.2.0"
    },
    "mochawesome": {
      "options": {
        "quiet": false,
        "reportFilename": "mochawesome",
        "saveHtml": true,
        "saveJson": true,
        "consoleReporter": "spec",
        "useInlineDiffs": false,
        "code": true
      },
      "version": "7.1.3"
    },
    "marge": {
      "options": null,
      "version": "6.2.0"
    }
  }
}